0 info it worked if it ends with ok
1 verbose cli [ '/usr/bin/node',
1 verbose cli   '/home/cartok/work/l3p-core/l3pfrontend/submodules/dagre-d3/node_modules/.bin/npm',
1 verbose cli   'run',
1 verbose cli   'build' ]
2 info using npm@3.10.10
3 info using node@v9.4.0
4 verbose run-script [ 'prebuild', 'build', 'postbuild' ]
5 info lifecycle @cartok/dagre-d3@0.4.53~prebuild: @cartok/dagre-d3@0.4.53
6 silly lifecycle @cartok/dagre-d3@0.4.53~prebuild: no script for prebuild, continuing
7 info lifecycle @cartok/dagre-d3@0.4.53~build: @cartok/dagre-d3@0.4.53
8 verbose lifecycle @cartok/dagre-d3@0.4.53~build: unsafe-perm in lifecycle true
9 verbose lifecycle @cartok/dagre-d3@0.4.53~build: PATH: /home/cartok/work/l3p-core/l3pfrontend/submodules/dagre-d3/node_modules/npm/bin/node-gyp-bin:/home/cartok/work/l3p-core/l3pfrontend/submodules/dagre-d3/node_modules/.bin:/usr/lib/node_modules/npm/node_modules/npm-lifecycle/node-gyp-bin:/home/cartok/work/l3p-core/l3pfrontend/submodules/dagre-d3/node_modules/.bin:/home/cartok/.yarn/bin:/home/cartok/anaconda3/bin:/home/cartok/.yarn/bin:/home/cartok/anaconda3/bin:/home/cartok/.yarn/bin:/home/cartok/anaconda3/bin:/home/cartok/.yarn/bin:/home/cartok/anaconda3/bin:/home/cartok/.sdkman/candidates/maven/current/bin:/home/cartok/.sdkman/candidates/gradle/current/bin:/home/cartok/.sdkman/candidates/ant/current/bin:/usr/local/sbin:/usr/local/bin:/usr/bin:/usr/lib/jvm/default/bin:/usr/bin/site_perl:/usr/bin/vendor_perl:/usr/bin/core_perl:/usr/lib/jvm/default/bin:/usr/lib/mysql-workbench:/usr/share/intellijidea-ce/bin:/home/cartok/Android/Sdk/tools:/home/cartok/Android/Sdk/platform-tools:/usr/lib/jvm/default/bin:/usr/lib/mysql-workbench:/usr/share/intellijidea-ce/bin:/home/cartok/Android/Sdk/tools:/home/cartok/Android/Sdk/platform-tools:/usr/lib/jvm/default/bin:/usr/lib/mysql-workbench:/usr/share/intellijidea-ce/bin:/home/cartok/Android/Sdk/tools:/home/cartok/Android/Sdk/platform-tools:/usr/lib/jvm/default/bin:/usr/lib/mysql-workbench:/usr/share/intellijidea-ce/bin:/home/cartok/Android/Sdk/tools:/home/cartok/Android/Sdk/platform-tools
10 verbose lifecycle @cartok/dagre-d3@0.4.53~build: CWD: /home/cartok/work/l3p-core/l3pfrontend/submodules/dagre-d3
11 silly lifecycle @cartok/dagre-d3@0.4.53~build: Args: [ '-c', 'npm insall && node_modules/.bin/gulp dist' ]
12 silly lifecycle @cartok/dagre-d3@0.4.53~build: Returned: code: 1  signal: null
13 info lifecycle @cartok/dagre-d3@0.4.53~build: Failed to exec build script
14 verbose stack Error: @cartok/dagre-d3@0.4.53 build: `npm insall && node_modules/.bin/gulp dist`
14 verbose stack Exit status 1
14 verbose stack     at EventEmitter.<anonymous> (/home/cartok/work/l3p-core/l3pfrontend/submodules/dagre-d3/node_modules/npm/lib/utils/lifecycle.js:255:16)
14 verbose stack     at EventEmitter.emit (events.js:160:13)
14 verbose stack     at ChildProcess.<anonymous> (/home/cartok/work/l3p-core/l3pfrontend/submodules/dagre-d3/node_modules/npm/lib/utils/spawn.js:40:14)
14 verbose stack     at ChildProcess.emit (events.js:160:13)
14 verbose stack     at maybeClose (internal/child_process.js:943:16)
14 verbose stack     at Process.ChildProcess._handle.onexit (internal/child_process.js:220:5)
15 verbose pkgid @cartok/dagre-d3@0.4.53
16 verbose cwd /home/cartok/work/l3p-core/l3pfrontend/submodules/dagre-d3
17 error Linux 4.14.15-1-ARCH
18 error argv "/usr/bin/node" "/home/cartok/work/l3p-core/l3pfrontend/submodules/dagre-d3/node_modules/.bin/npm" "run" "build"
19 error node v9.4.0
20 error npm  v3.10.10
21 error code ELIFECYCLE
22 error @cartok/dagre-d3@0.4.53 build: `npm insall && node_modules/.bin/gulp dist`
22 error Exit status 1
23 error Failed at the @cartok/dagre-d3@0.4.53 build script 'npm insall && node_modules/.bin/gulp dist'.
23 error Make sure you have the latest version of node.js and npm installed.
23 error If you do, this is most likely a problem with the @cartok/dagre-d3 package,
23 error not with npm itself.
23 error Tell the author that this fails on your system:
23 error     npm insall && node_modules/.bin/gulp dist
23 error You can get information on how to open an issue for this project with:
23 error     npm bugs @cartok/dagre-d3
23 error Or if that isn't available, you can get their info via:
23 error     npm owner ls @cartok/dagre-d3
23 error There is likely additional logging output above.
24 verbose exit [ 1, true ]
